<?xml version="1.0" encoding="UTF-8"?>
<!-- Generated by org.testng.reporters.JUnitReportReporter -->
<testsuite hostname="C100-18" failures="0" tests="1" name="testcase.TC_Login" time="82.230" errors="0" timestamp="2023-05-12T13:59:29 IST" skipped="0">
  <testcase classname="testcase.TC_Login" name="BasePageNavigation" time="82.230"/>
  <system-out/>
</testsuite> <!-- testcase.TC_Login -->
